Iris Version: 12.2.0-beta5

Now listening on: http://localhost:8000
Application started. Press CTRL+C to shut down.
Iris Version: 12.2.0-beta5

Now listening on: http://localhost:8000
Application started. Press CTRL+C to shut down.
[DBUG] 2022/10/13 12:11 API: 1 registered route (1 GET)
GET: / (./main.go:40)

Iris Version: 12.2.0-beta5

Now listening on: http://localhost:8000
Application started. Press CTRL+C to shut down.
[WARN] 2022/10/13 12:12 test
[WARN] 2022/10/13 12:12 test
[DBUG] 2022/10/13 12:12 API: 1 registered route (1 GET)
GET: / (./main.go:40)

Iris Version: 12.2.0-beta5

Now listening on: http://localhost:8000
Application started. Press CTRL+C to shut down.
[WARN] 2022/10/13 12:12 test
[WARN] 2022/10/13 12:12 test
[WARN] 2022/10/13 12:12 test
[WARN] 2022/10/13 12:12 test
[DBUG] 2022/10/13 12:13 API: 1 registered route (1 GET)
GET: / (./main.go:41)

Iris Version: 12.2.0-beta5

Now listening on: http://localhost:8000
Application started. Press CTRL+C to shut down.
[DBUG] 2022/10/13 12:14 API: 1 registered route (1 GET)
GET: / (./main.go:42)

Iris Version: 12.2.0-beta5

Now listening on: http://localhost:8000
Application started. Press CTRL+C to shut down.
[WARN] 2022/10/13 12:14 test
[WARN] 2022/10/13 12:14 test
[WARN] 2022/10/13 12:14 test
[WARN] 2022/10/13 12:14 test
[WARN] 2022/10/13 12:14 test
[WARN] 2022/10/13 12:14 test
